<?xml version="1.0" encoding="UTF-8"?>
<!-- Generated by org.testng.reporters.JUnitReportReporter -->
<testsuite hostname="DESKTOP-ASUMK46" failures="0" tests="6" name="stepPack.TestRunner" time="23.474" errors="0" timestamp="04 Jul 2018 13:51:37 GMT" skipped="0">
  <testcase classname="stepPack.TestRunner" name="runScenario" time="3.830"/>
  <testcase classname="stepPack.TestRunner" name="runScenario" time="3.821"/>
  <testcase classname="stepPack.TestRunner" name="runScenario" time="3.900"/>
  <testcase classname="stepPack.TestRunner" name="runScenario" time="3.767"/>
  <testcase classname="stepPack.TestRunner" name="runScenario" time="4.374"/>
  <testcase classname="stepPack.TestRunner" name="runScenario" time="3.782"/>
</testsuite> <!-- stepPack.TestRunner -->
