<?xml version="1.0" encoding="UTF-8"?>
<!-- Generated by org.testng.reporters.JUnitReportReporter -->
<testsuite hostname="DESKTOP-ASUMK46" failures="0" tests="6" name="stepPack.TestRunner" time="31.080" errors="0" timestamp="04 Jul 2018 12:19:01 GMT" skipped="0">
  <testcase classname="stepPack.TestRunner" name="runScenario" time="4.235"/>
  <testcase classname="stepPack.TestRunner" name="runScenario" time="4.343"/>
  <testcase classname="stepPack.TestRunner" name="runScenario" time="4.290"/>
  <testcase classname="stepPack.TestRunner" name="runScenario" time="4.273"/>
  <testcase classname="stepPack.TestRunner" name="runScenario" time="7.360"/>
  <testcase classname="stepPack.TestRunner" name="runScenario" time="6.579"/>
</testsuite> <!-- stepPack.TestRunner -->
