<?xml version="1.0" encoding="UTF-8"?>
<!-- Generated by org.testng.reporters.JUnitReportReporter -->
<testsuite hostname="DESKTOP-ASUMK46" failures="0" tests="6" name="stepPack.TestRunner" time="29.859" errors="0" timestamp="04 Jul 2018 12:15:50 GMT" skipped="0">
  <testcase classname="stepPack.TestRunner" name="runScenario" time="4.264"/>
  <testcase classname="stepPack.TestRunner" name="runScenario" time="8.523"/>
  <testcase classname="stepPack.TestRunner" name="runScenario" time="4.269"/>
  <testcase classname="stepPack.TestRunner" name="runScenario" time="4.256"/>
  <testcase classname="stepPack.TestRunner" name="runScenario" time="4.261"/>
  <testcase classname="stepPack.TestRunner" name="runScenario" time="4.286"/>
</testsuite> <!-- stepPack.TestRunner -->
