<?xml version="1.0" encoding="UTF-8"?>
<!-- Generated by org.testng.reporters.JUnitReportReporter -->
<testsuite hostname="DESKTOP-ASUMK46" failures="0" tests="9" name="stepPack.TestRunner" time="31.433" errors="9" timestamp="12 Jul 2018 23:06:30 GMT" skipped="0">
  <testcase classname="stepPack.TestRunner" name="runScenario" time="3.234">
    <error type="java.lang.NullPointerException">
      <![CDATA[java.lang.NullPointerException
at stepPack.OurWebSiteStepDefinition.user_is_on_registration_form_web_page(OurWebSiteStepDefinition.java:14)
at ✽.user is on registration form web page(src/test/resources/Feature/OurWebSite.feature:5)
]]>
    </error>
  </testcase> <!-- runScenario -->
  <testcase classname="stepPack.TestRunner" name="runScenario" time="3.355">
    <error type="java.lang.NullPointerException">
      <![CDATA[java.lang.NullPointerException
at stepPack.FundTransferStepdefinition.i_am_on_fund_transfer_web_page(FundTransferStepdefinition.java:18)
at ✽.I am on fund transfer web page(src/test/resources/Feature/FundTranfer.feature:17)
]]>
    </error>
  </testcase> <!-- runScenario -->
  <testcase classname="stepPack.TestRunner" name="runScenario" time="3.265">
    <error type="java.lang.NullPointerException">
      <![CDATA[java.lang.NullPointerException
at stepPack.OurWebSiteStepDefinition.user_is_on_registration_form_web_page(OurWebSiteStepDefinition.java:14)
at ✽.user is on registration form web page(src/test/resources/Feature/OurWebSite.feature:5)
]]>
    </error>
  </testcase> <!-- runScenario -->
  <testcase classname="stepPack.TestRunner" name="runScenario" time="3.521">
    <error type="java.lang.NullPointerException">
      <![CDATA[java.lang.NullPointerException
at stepPack.FundTransferStepdefinition.i_am_on_fund_transfer_web_page(FundTransferStepdefinition.java:18)
at ✽.I am on fund transfer web page(src/test/resources/Feature/FundTranfer.feature:11)
]]>
    </error>
  </testcase> <!-- runScenario -->
  <testcase classname="stepPack.TestRunner" name="runScenario" time="3.922">
    <error type="java.lang.NullPointerException">
      <![CDATA[java.lang.NullPointerException
at stepPack.FundTransferStepdefinition.i_am_on_fund_transfer_web_page(FundTransferStepdefinition.java:18)
at ✽.I am on fund transfer web page(src/test/resources/Feature/FundTranfer.feature:5)
]]>
    </error>
  </testcase> <!-- runScenario -->
  <testcase classname="stepPack.TestRunner" name="runScenario" time="3.303">
    <error type="java.lang.NullPointerException">
      <![CDATA[java.lang.NullPointerException
at stepPack.OurWebSiteStepDefinition.user_is_on_registration_form_web_page(OurWebSiteStepDefinition.java:14)
at ✽.user is on registration form web page(src/test/resources/Feature/OurWebSite.feature:5)
]]>
    </error>
  </testcase> <!-- runScenario -->
  <testcase classname="stepPack.TestRunner" name="runScenario" time="3.608">
    <error type="java.lang.NullPointerException">
      <![CDATA[java.lang.NullPointerException
at stepPack.OurWebSiteStepDefinition.user_is_on_registration_form_web_page(OurWebSiteStepDefinition.java:14)
at ✽.user is on registration form web page(src/test/resources/Feature/OurWebSite.feature:5)
]]>
    </error>
  </testcase> <!-- runScenario -->
  <testcase classname="stepPack.TestRunner" name="runScenario" time="3.695">
    <error type="java.lang.NullPointerException">
      <![CDATA[java.lang.NullPointerException
at stepPack.OurWebSiteStepDefinition.user_is_on_registration_form_web_page(OurWebSiteStepDefinition.java:14)
at ✽.user is on registration form web page(src/test/resources/Feature/OurWebSite.feature:5)
]]>
    </error>
  </testcase> <!-- runScenario -->
  <testcase classname="stepPack.TestRunner" name="runScenario" time="3.530">
    <error type="java.lang.NullPointerException">
      <![CDATA[java.lang.NullPointerException
at stepPack.OurWebSiteStepDefinition.user_is_on_registration_form_web_page(OurWebSiteStepDefinition.java:14)
at ✽.user is on registration form web page(src/test/resources/Feature/OurWebSite.feature:5)
]]>
    </error>
  </testcase> <!-- runScenario -->
</testsuite> <!-- stepPack.TestRunner -->
